\BOOKMARK [0][-]{chapter.1}{\376\377\000I\000n\000t\000r\000o\000d\000u\000c\000c\000i\000\363\000n}{}% 1
\BOOKMARK [1][-]{section.1.1}{\376\377\000M\000o\000t\000i\000v\000a\000c\000i\000o\000n}{chapter.1}% 2
\BOOKMARK [1][-]{section.1.2}{\376\377\000O\000b\000j\000e\000t\000i\000v\000o\000s}{chapter.1}% 3
\BOOKMARK [0][-]{chapter.2}{\376\377\000E\000s\000t\000a\000d\000o\000\040\000d\000e\000l\000\040\000A\000r\000t\000e}{}% 4
\BOOKMARK [1][-]{section.2.1}{\376\377\000S\000o\000f\000t\000w\000a\000r\000e\000\040\000a\000\040\000d\000e\000s\000a\000r\000r\000o\000l\000l\000a\000r}{chapter.2}% 5
\BOOKMARK [2][-]{subsection.2.1.1}{\376\377\000A\000p\000l\000i\000c\000a\000c\000i\000o\000n\000e\000s\000\040\000d\000e\000\040\000a\000p\000r\000e\000n\000d\000i\000z\000a\000j\000e}{section.2.1}% 6
\BOOKMARK [2][-]{subsection.2.1.2}{\376\377\000A\000p\000l\000i\000c\000a\000c\000i\000o\000n\000e\000s\000\040\000d\000e\000\040\000a\000p\000r\000e\000n\000d\000i\000z\000a\000j\000e\000\040\000m\000u\000s\000i\000c\000a\000l}{section.2.1}% 7
\BOOKMARK [1][-]{section.2.2}{\376\377\000D\000e\000s\000a\000r\000r\000o\000l\000l\000o\000\040\000d\000e\000\040\000S\000o\000f\000t\000w\000a\000r\000e}{chapter.2}% 8
\BOOKMARK [2][-]{subsection.2.2.1}{\376\377\000F\000l\000u\000t\000t\000e\000r}{section.2.2}% 9
\BOOKMARK [2][-]{subsection.2.2.2}{\376\377\000R\000e\000a\000c\000t\000\040\000N\000a\000t\000i\000v\000e}{section.2.2}% 10
\BOOKMARK [2][-]{subsection.2.2.3}{\376\377\000D\000a\000r\000t}{section.2.2}% 11
\BOOKMARK [2][-]{subsection.2.2.4}{\376\377\000K\000o\000t\000l\000i\000n}{section.2.2}% 12
\BOOKMARK [2][-]{subsection.2.2.5}{\376\377\000N\000o\000d\000e\000J\000S}{section.2.2}% 13
\BOOKMARK [2][-]{subsection.2.2.6}{\376\377\000R\000e\000a\000c\000t}{section.2.2}% 14
\BOOKMARK [2][-]{subsection.2.2.7}{\376\377\000A\000n\000g\000u\000l\000a\000r}{section.2.2}% 15
\BOOKMARK [2][-]{subsection.2.2.8}{\376\377\000M\000o\000n\000g\000o\000D\000B}{section.2.2}% 16
\BOOKMARK [2][-]{subsection.2.2.9}{\376\377\000P\000i\000l\000a\000s\000\040\000M\000E\000R\000N\000\040\000\046\000\040\000M\000E\000A\000N}{section.2.2}% 17
\BOOKMARK [2][-]{subsection.2.2.10}{\376\377\000M\000a\000r\000i\000a\000D\000B}{section.2.2}% 18
\BOOKMARK [0][-]{chapter.3}{\376\377\000E\000s\000p\000e\000c\000i\000f\000i\000c\000a\000c\000i\000\363\000n\000\040\000d\000e\000\040\000r\000e\000q\000u\000i\000s\000i\000t\000o\000s}{}% 19
\BOOKMARK [1][-]{section.3.1}{\376\377\000I\000n\000t\000r\000o\000d\000u\000c\000c\000i\000\363\000n}{chapter.3}% 20
\BOOKMARK [2][-]{subsection.3.1.1}{\376\377\000P\000r\000o\000p\000\363\000s\000i\000t\000o}{section.3.1}% 21
\BOOKMARK [2][-]{subsection.3.1.2}{\376\377\000\301\000m\000b\000i\000t\000o\000\040\000d\000e\000l\000\040\000S\000i\000s\000t\000e\000m\000a}{section.3.1}% 22
\BOOKMARK [2][-]{subsection.3.1.3}{\376\377\000D\000e\000f\000i\000n\000i\000c\000i\000o\000n\000e\000s\000,\000\040\000A\000c\000r\000\363\000n\000i\000m\000o\000s\000\040\000y\000\040\000A\000b\000r\000e\000v\000i\000a\000t\000u\000r\000a\000s}{section.3.1}% 23
\BOOKMARK [2][-]{subsection.3.1.4}{\376\377\000R\000e\000f\000e\000r\000e\000n\000c\000i\000a\000s}{section.3.1}% 24
\BOOKMARK [2][-]{subsection.3.1.5}{\376\377\000V\000i\000s\000i\000\363\000n\000\040\000G\000e\000n\000e\000r\000a\000l\000\040\000d\000e\000l\000\040\000D\000o\000c\000u\000m\000e\000n\000t\000o}{section.3.1}% 25
\BOOKMARK [1][-]{section.3.2}{\376\377\000D\000e\000s\000c\000r\000i\000p\000c\000i\000\363\000n\000\040\000G\000e\000n\000e\000r\000a\000l}{chapter.3}% 26
\BOOKMARK [2][-]{subsection.3.2.1}{\376\377\000P\000e\000r\000s\000p\000e\000c\000t\000i\000v\000a\000\040\000d\000e\000l\000\040\000p\000r\000o\000d\000u\000c\000t\000o}{section.3.2}% 27
\BOOKMARK [2][-]{subsection.3.2.2}{\376\377\000F\000u\000n\000c\000i\000o\000n\000e\000s\000\040\000d\000e\000l\000\040\000p\000r\000o\000d\000u\000c\000t\000o}{section.3.2}% 28
\BOOKMARK [2][-]{subsection.3.2.3}{\376\377\000C\000a\000r\000a\000c\000t\000e\000r\000\355\000s\000t\000i\000c\000a\000s\000\040\000d\000e\000\040\000l\000o\000s\000\040\000u\000s\000u\000a\000r\000i\000o\000s}{section.3.2}% 29
\BOOKMARK [2][-]{subsection.3.2.4}{\376\377\000R\000e\000s\000t\000r\000i\000c\000c\000i\000o\000n\000e\000s}{section.3.2}% 30
\BOOKMARK [2][-]{subsection.3.2.5}{\376\377\000S\000u\000p\000o\000s\000i\000c\000i\000o\000n\000e\000s\000\040\000y\000\040\000d\000e\000p\000e\000n\000d\000e\000n\000c\000i\000a\000s}{section.3.2}% 31
\BOOKMARK [1][-]{section.3.3}{\376\377\000R\000e\000q\000u\000i\000s\000i\000t\000o\000s\000\040\000E\000s\000p\000e\000c\000\355\000f\000i\000c\000o\000s}{chapter.3}% 32
\BOOKMARK [2][-]{subsection.3.3.1}{\376\377\000I\000n\000t\000e\000r\000f\000a\000z\000\040\000d\000e\000\040\000u\000s\000u\000a\000r\000i\000o}{section.3.3}% 33
\BOOKMARK [2][-]{subsection.3.3.2}{\376\377\000R\000e\000q\000u\000i\000s\000i\000t\000o\000s\000\040\000f\000u\000n\000c\000i\000o\000n\000a\000l\000e\000s}{section.3.3}% 34
\BOOKMARK [2][-]{subsection.3.3.3}{\376\377\000R\000e\000q\000u\000i\000s\000i\000t\000o\000s\000\040\000n\000o\000\040\000f\000u\000n\000c\000i\000o\000n\000a\000l\000e\000s}{section.3.3}% 35
\BOOKMARK [0][-]{chapter.4}{\376\377\000P\000l\000a\000n\000i\000f\000i\000c\000a\000c\000i\000\363\000n}{}% 36
\BOOKMARK [1][-]{section.4.1}{\376\377\000I\000n\000t\000r\000o\000d\000u\000c\000c\000i\000\363\000n}{chapter.4}% 37
\BOOKMARK [1][-]{section.4.2}{\376\377\000V\000e\000l\000o\000c\000i\000d\000a\000d}{chapter.4}% 38
\BOOKMARK [1][-]{section.4.3}{\376\377\000P\000r\000o\000d\000u\000c\000t\000\040\000B\000a\000c\000k\000l\000o\000g}{chapter.4}% 39
\BOOKMARK [1][-]{section.4.4}{\376\377\000S\000p\000r\000i\000n\000t\000s}{chapter.4}% 40
\BOOKMARK [2][-]{subsection.4.4.1}{\376\377\000S\000p\000r\000i\000n\000t\000\040\000\043\0001\000\040\000-\000\040\000D\000o\000c\000u\000m\000e\000n\000t\000a\000c\000i\000\363\000n\000\040\000i\000n\000i\000c\000i\000a\000l}{section.4.4}% 41
\BOOKMARK [2][-]{subsection.4.4.2}{\376\377\000S\000p\000r\000i\000n\000t\000\040\000\043\0002\000\040\000-\000\040\000D\000o\000c\000u\000m\000e\000n\000t\000a\000c\000i\000\363\000n\000\040\000d\000e\000\040\000r\000e\000q\000u\000i\000s\000i\000t\000o\000s}{section.4.4}% 42
\BOOKMARK [2][-]{subsection.4.4.3}{\376\377\000S\000p\000r\000i\000n\000t\000\040\000\043\0003\000\040\000-\000\040\000D\000o\000c\000u\000m\000e\000n\000t\000a\000c\000i\000\363\000n\000\040\000d\000e\000\040\000H\000U}{section.4.4}% 43
\BOOKMARK [2][-]{subsection.4.4.4}{\376\377\000S\000p\000r\000i\000n\000t\000\040\000\043\0004\000\040\000-\000\040\000D\000i\000s\000e\000\361\000o\000\040\000y\000\040\000c\000o\000m\000i\000e\000n\000z\000o\000\040\000d\000e\000l\000\040\000d\000e\000s\000a\000r\000r\000o\000l\000l\000o}{section.4.4}% 44
\BOOKMARK [2][-]{subsection.4.4.5}{\376\377\000S\000p\000r\000i\000n\000t\000\040\000\043\0005\000\040\000-\000\040\000R\000e\000g\000i\000s\000t\000r\000o\000\040\000y\000\040\000l\000o\000g\000i\000n\000\040\000d\000e\000\040\000u\000s\000u\000a\000r\000i\000o\000s}{section.4.4}% 45
\BOOKMARK [2][-]{subsection.4.4.6}{\376\377\000S\000p\000r\000i\000n\000t\000\040\000\043\0006\000\040\000-\000\040\000T\000e\000s\000t\000s\000\040\000y\000\040\000p\000r\000o\000g\000r\000e\000s\000o}{section.4.4}% 46
\BOOKMARK [2][-]{subsection.4.4.7}{\376\377\000S\000p\000r\000i\000n\000t\000\040\000\043\0007\000\040\000-\000\040\000E\000n\000t\000r\000a\000d\000a\000\040\000d\000e\000\040\000m\000i\000c\000r\000\363\000f\000o\000n\000o\000\040\000y\000\040\000d\000e\000t\000e\000c\000c\000i\000\363\000n\000\040\000d\000e\000\040\000t\000o\000n\000o}{section.4.4}% 47
\BOOKMARK [2][-]{subsection.4.4.8}{\376\377\000S\000p\000r\000i\000n\000t\000\040\000\043\0008\000\040\000-\000\040\000F\000u\000n\000c\000i\000o\000n\000a\000l\000i\000d\000a\000d\000e\000s\000\040\000d\000e\000l\000\040\000p\000r\000o\000f\000e\000s\000o\000r\000\040\000c\000o\000n\000\040\000l\000e\000c\000c\000i\000o\000n\000e\000s}{section.4.4}% 48
\BOOKMARK [2][-]{subsection.4.4.9}{\376\377\000S\000p\000r\000i\000n\000t\000\040\000\043\0009\000\040\000-\000\040\000F\000u\000n\000c\000i\000o\000n\000a\000l\000i\000d\000a\000d\000e\000s\000\040\000d\000e\000l\000\040\000p\000r\000o\000f\000e\000s\000o\000r\000\040\000c\000o\000n\000\040\000t\000e\000s\000t\000s}{section.4.4}% 49
\BOOKMARK [2][-]{subsection.4.4.10}{\376\377\000S\000p\000r\000i\000n\000t\000\040\000\043\0001\0000\000\040\000-\000\040\000F\000u\000n\000c\000i\000o\000n\000a\000l\000i\000d\000a\000d\000e\000s\000\040\000d\000e\000l\000\040\000a\000d\000m\000i\000n\000i\000s\000t\000r\000a\000d\000o\000r}{section.4.4}% 50
\BOOKMARK [2][-]{subsection.4.4.11}{\376\377\000S\000p\000r\000i\000n\000t\000\040\000\043\0001\0001\000\040\000-\000\040\000F\000u\000n\000c\000i\000o\000n\000a\000l\000i\000d\000a\000d\000e\000s\000\040\000p\000o\000c\000o\000\040\000p\000r\000i\000o\000r\000i\000t\000a\000r\000i\000a\000s\000\040\000y\000\040\000v\000a\000l\000o\000r\000\040\000a\000\361\000a\000d\000i\000d\000o}{section.4.4}% 51
\BOOKMARK [2][-]{subsection.4.4.12}{\376\377\000S\000p\000r\000i\000n\000t\000\040\000\043\0001\0002\000\040\000-\000\040\000M\000e\000j\000o\000r\000a\000s\000\040\000d\000e\000\040\000c\000\363\000d\000i\000g\000o}{section.4.4}% 52
\BOOKMARK [2][-]{subsection.4.4.13}{\376\377\000S\000p\000r\000i\000n\000t\000\040\000\043\0001\0003\000\040\000-\000\040\000P\000r\000u\000e\000b\000a\000s\000\040}{section.4.4}% 53
\BOOKMARK [2][-]{subsection.4.4.14}{\376\377\000S\000p\000r\000i\000n\000t\000\040\000\043\0001\0004\000\040\000-\000\040\000C\000o\000n\000c\000l\000u\000s\000i\000\363\000n\000\040\000y\000\040\000f\000i\000n\000a\000l\000i\000z\000a\000c\000i\000\363\000n\000\040\000d\000e\000l\000\040\000p\000r\000o\000y\000e\000c\000t\000o}{section.4.4}% 54
\BOOKMARK [1][-]{section.4.5}{\376\377\000D\000i\000a\000g\000r\000a\000m\000a\000\040\000d\000e\000\040\000G\000a\000n\000t\000t}{chapter.4}% 55
\BOOKMARK [0][-]{chapter.5}{\376\377\000A\000n\000\341\000l\000i\000s\000i\000s\000\040\000d\000e\000l\000\040\000p\000r\000o\000b\000l\000e\000m\000a}{}% 56
\BOOKMARK [1][-]{section.5.1}{\376\377\000I\000n\000t\000r\000o\000d\000u\000c\000c\000i\000\363\000n}{chapter.5}% 57
\BOOKMARK [1][-]{section.5.2}{\376\377\000H\000i\000s\000t\000o\000r\000i\000a\000s\000\040\000d\000e\000\040\000U\000s\000u\000a\000r\000i\000o}{chapter.5}% 58
\BOOKMARK [1][-]{section.5.3}{\376\377\000D\000i\000a\000g\000r\000a\000m\000a\000\040\000d\000e\000\040\000C\000l\000a\000s\000e\000s}{chapter.5}% 59
\BOOKMARK [0][-]{chapter.6}{\376\377\000D\000i\000s\000e\000\361\000o}{}% 60
\BOOKMARK [1][-]{section.6.1}{\376\377\000I\000n\000t\000r\000o\000d\000u\000c\000c\000i\000\363\000n}{chapter.6}% 61
\BOOKMARK [1][-]{section.6.2}{\376\377\000A\000r\000q\000u\000i\000t\000e\000c\000t\000u\000r\000a\000\040\000d\000e\000l\000\040\000s\000i\000s\000t\000e\000m\000a}{chapter.6}% 62
\BOOKMARK [1][-]{section.6.3}{\376\377\000D\000i\000a\000g\000r\000a\000m\000a\000\040\000d\000e\000\040\000b\000a\000s\000e\000\040\000d\000e\000\040\000d\000a\000t\000o\000s}{chapter.6}% 63
\BOOKMARK [1][-]{section.6.4}{\376\377\000D\000i\000a\000g\000r\000a\000m\000a\000\040\000d\000e\000\040\000c\000l\000a\000s\000e\000s}{chapter.6}% 64
\BOOKMARK [1][-]{section.6.5}{\376\377\000D\000i\000a\000g\000r\000a\000m\000a\000s\000\040\000d\000e\000\040\000s\000e\000c\000u\000e\000n\000c\000i\000a}{chapter.6}% 65
\BOOKMARK [1][-]{section.6.6}{\376\377\000D\000i\000s\000e\000\361\000o\000\040\000d\000e\000\040\000i\000n\000t\000e\000r\000f\000a\000c\000e\000s\000\040\000d\000e\000\040\000u\000s\000u\000a\000r\000i\000o}{chapter.6}% 66
\BOOKMARK [0][-]{chapter.7}{\376\377\000I\000m\000p\000l\000e\000m\000e\000n\000t\000a\000c\000i\000\363\000n}{}% 67
\BOOKMARK [1][-]{section.7.1}{\376\377\000H\000e\000r\000r\000a\000m\000i\000e\000n\000t\000a\000s\000\040\000u\000t\000i\000l\000i\000z\000a\000d\000a\000s}{chapter.7}% 68
\BOOKMARK [2][-]{subsection.7.1.1}{\376\377\000G\000i\000t\000\040\000\046\000\040\000G\000i\000t\000h\000u\000b}{section.7.1}% 69
\BOOKMARK [2][-]{subsection.7.1.2}{\376\377\000J\000i\000r\000a}{section.7.1}% 70
\BOOKMARK [2][-]{subsection.7.1.3}{\376\377\000V\000i\000s\000u\000a\000l\000\040\000S\000t\000u\000d\000i\000o\000\040\000C\000o\000d\000e\000\040\000\046\000\040\000A\000n\000d\000r\000o\000i\000d\000\040\000S\000t\000u\000d\000i\000o}{section.7.1}% 71
\BOOKMARK [2][-]{subsection.7.1.4}{\376\377\000M\000o\000n\000g\000o\000\040\000C\000o\000m\000p\000a\000s\000s}{section.7.1}% 72
\BOOKMARK [2][-]{subsection.7.1.5}{\376\377\000P\000o\000s\000t\000m\000a\000n}{section.7.1}% 73
\BOOKMARK [1][-]{section.7.2}{\376\377\000E\000s\000t\000r\000u\000c\000t\000u\000r\000a\000\040\000d\000e\000l\000\040\000p\000r\000o\000y\000e\000c\000t\000o}{chapter.7}% 74
\BOOKMARK [1][-]{section.7.3}{\376\377\000D\000e\000f\000i\000n\000i\000c\000i\000\363\000n\000\040\000d\000e\000\040\000l\000a\000\040\000A\000P\000I\000\040\000\050\000B\000a\000c\000k\000e\000n\000d\000\051}{chapter.7}% 75
\BOOKMARK [2][-]{subsection.7.3.1}{\376\377\000R\000u\000t\000a\000s}{section.7.3}% 76
\BOOKMARK [2][-]{subsection.7.3.2}{\376\377\000M\000i\000d\000d\000l\000e\000w\000a\000r\000e}{section.7.3}% 77
\BOOKMARK [1][-]{section.7.4}{\376\377\000F\000u\000n\000c\000i\000o\000n\000a\000l\000i\000d\000a\000d\000\040\000d\000e\000\040\000i\000n\000i\000c\000i\000o}{chapter.7}% 78
\BOOKMARK [2][-]{subsection.7.4.1}{\376\377\000D\000r\000a\000w\000e\000r}{section.7.4}% 79
\BOOKMARK [2][-]{subsection.7.4.2}{\376\377\000S\000e\000s\000i\000\363\000n}{section.7.4}% 80
\BOOKMARK [1][-]{section.7.5}{\376\377\000F\000u\000n\000c\000i\000o\000n\000a\000l\000i\000d\000a\000d\000\040\000d\000e\000\040\000u\000s\000u\000a\000r\000i\000o}{chapter.7}% 81
\BOOKMARK [2][-]{subsection.7.5.1}{\376\377\000L\000i\000s\000t\000a\000\040\000d\000e\000\040\000l\000e\000c\000c\000i\000o\000n\000e\000s}{section.7.5}% 82
\BOOKMARK [2][-]{subsection.7.5.2}{\376\377\000V\000e\000r\000\040\000l\000e\000c\000c\000i\000\363\000n}{section.7.5}% 83
\BOOKMARK [2][-]{subsection.7.5.3}{\376\377\000T\000e\000s\000t}{section.7.5}% 84
\BOOKMARK [2][-]{subsection.7.5.4}{\376\377\000R\000e\000v\000i\000s\000a\000r\000\040\000p\000r\000e\000g\000u\000n\000t\000a}{section.7.5}% 85
\BOOKMARK [2][-]{subsection.7.5.5}{\376\377\000H\000i\000s\000t\000o\000r\000i\000a\000l\000\040\000d\000e\000\040\000t\000e\000s\000t\000s}{section.7.5}% 86
\BOOKMARK [2][-]{subsection.7.5.6}{\376\377\000V\000e\000r\000\040\000M\000i\000\040\000P\000e\000r\000f\000i\000l}{section.7.5}% 87
\BOOKMARK [2][-]{subsection.7.5.7}{\376\377\000V\000e\000r\000\040\000l\000o\000g\000r\000o}{section.7.5}% 88
\BOOKMARK [2][-]{subsection.7.5.8}{\376\377\000M\000i\000s\000\040\000l\000o\000g\000r\000o\000s}{section.7.5}% 89
\BOOKMARK [1][-]{section.7.6}{\376\377\000F\000u\000n\000c\000i\000o\000n\000a\000l\000i\000d\000a\000d\000\040\000d\000e\000\040\000g\000e\000s\000t\000i\000\363\000n\000\040\000d\000e\000\040\000l\000a\000\040\000a\000p\000l\000i\000c\000a\000c\000i\000\363\000n}{chapter.7}% 90
\BOOKMARK [2][-]{subsection.7.6.1}{\376\377\000D\000a\000s\000h\000b\000o\000a\000r\000d}{section.7.6}% 91
\BOOKMARK [2][-]{subsection.7.6.2}{\376\377\000L\000i\000s\000t\000a\000\040\000d\000e\000\040\000l\000e\000c\000c\000i\000o\000n\000e\000s}{section.7.6}% 92
\BOOKMARK [2][-]{subsection.7.6.3}{\376\377\000B\000o\000r\000r\000a\000r\000\040\000l\000e\000c\000c\000i\000\363\000n}{section.7.6}% 93
\BOOKMARK [2][-]{subsection.7.6.4}{\376\377\000C\000r\000e\000a\000r\000\040\000l\000e\000c\000c\000i\000\363\000n}{section.7.6}% 94
\BOOKMARK [2][-]{subsection.7.6.5}{\376\377\000E\000d\000i\000t\000a\000r\000\040\000l\000e\000c\000c\000i\000\363\000n}{section.7.6}% 95
\BOOKMARK [2][-]{subsection.7.6.6}{\376\377\000L\000i\000s\000t\000a\000\040\000d\000e\000\040\000p\000r\000e\000g\000u\000n\000t\000a\000s}{section.7.6}% 96
\BOOKMARK [2][-]{subsection.7.6.7}{\376\377\000B\000o\000r\000r\000a\000r\000\040\000p\000r\000e\000g\000u\000n\000t\000a}{section.7.6}% 97
\BOOKMARK [2][-]{subsection.7.6.8}{\376\377\000C\000r\000e\000a\000r\000\040\000P\000r\000e\000g\000u\000n\000t\000a}{section.7.6}% 98
\BOOKMARK [2][-]{subsection.7.6.9}{\376\377\000E\000d\000i\000t\000a\000r\000\040\000P\000r\000e\000g\000u\000n\000t\000a}{section.7.6}% 99
\BOOKMARK [2][-]{subsection.7.6.10}{\376\377\000L\000i\000s\000t\000a\000\040\000d\000e\000\040\000u\000s\000u\000a\000r\000i\000o\000s}{section.7.6}% 100
\BOOKMARK [2][-]{subsection.7.6.11}{\376\377\000B\000o\000r\000r\000a\000r\000\040\000u\000s\000u\000a\000r\000i\000o}{section.7.6}% 101
\BOOKMARK [2][-]{subsection.7.6.12}{\376\377\000C\000r\000e\000a\000r\000\040\000u\000s\000u\000a\000r\000i\000o}{section.7.6}% 102
\BOOKMARK [2][-]{subsection.7.6.13}{\376\377\000E\000d\000i\000t\000a\000r\000\040\000u\000s\000u\000a\000r\000i\000o}{section.7.6}% 103
\BOOKMARK [2][-]{subsection.7.6.14}{\376\377\000L\000i\000s\000t\000a\000\040\000d\000e\000\040\000l\000o\000g\000r\000o\000s}{section.7.6}% 104
\BOOKMARK [2][-]{subsection.7.6.15}{\376\377\000B\000o\000r\000r\000a\000r\000\040\000l\000o\000g\000r\000o}{section.7.6}% 105
\BOOKMARK [2][-]{subsection.7.6.16}{\376\377\000C\000r\000e\000a\000r\000\040\000l\000o\000g\000r\000o}{section.7.6}% 106
\BOOKMARK [2][-]{subsection.7.6.17}{\376\377\000E\000d\000i\000t\000a\000r\000\040\000l\000o\000g\000r\000o}{section.7.6}% 107
\BOOKMARK [0][-]{chapter.8}{\376\377\000P\000r\000u\000e\000b\000a\000s}{}% 108
\BOOKMARK [1][-]{section.8.1}{\376\377\000P\000a\000q\000u\000e\000t\000e\000s\000\040\000u\000t\000i\000l\000i\000z\000a\000d\000o\000s}{chapter.8}% 109
\BOOKMARK [1][-]{section.8.2}{\376\377\000P\000r\000u\000e\000b\000a\000s\000\040\000d\000e\000\040\000u\000n\000i\000d\000a\000d}{chapter.8}% 110
\BOOKMARK [2][-]{subsection.8.2.1}{\376\377\000L\000e\000c\000c\000i\000o\000n\000e\000s}{section.8.2}% 111
\BOOKMARK [2][-]{subsection.8.2.2}{\376\377\000P\000r\000e\000g\000u\000n\000t\000a\000s}{section.8.2}% 112
\BOOKMARK [2][-]{subsection.8.2.3}{\376\377\000U\000s\000u\000a\000r\000i\000o\000s}{section.8.2}% 113
\BOOKMARK [2][-]{subsection.8.2.4}{\376\377\000L\000o\000g\000r\000o\000s}{section.8.2}% 114
\BOOKMARK [1][-]{section.8.3}{\376\377\000P\000r\000u\000e\000b\000a\000s\000\040\000d\000e\000\040\000c\000o\000n\000t\000r\000o\000l\000a\000d\000o\000r\000\040\000o\000\040\000w\000i\000d\000g\000e\000t}{chapter.8}% 115
\BOOKMARK [2][-]{subsection.8.3.1}{\376\377\000B\000o\000t\000\363\000n\000\040\000d\000e\000\040\000i\000n\000i\000c\000i\000o\000\040\000d\000e\000\040\000s\000e\000s\000i\000\363\000n}{section.8.3}% 116
\BOOKMARK [2][-]{subsection.8.3.2}{\376\377\000B\000o\000t\000\363\000n\000\040\000d\000e\000\040\000a\000c\000c\000e\000s\000o\000\040\000a\000\040\000l\000i\000s\000t\000a\000\040\000d\000e\000\040\000l\000e\000c\000c\000i\000o\000n\000e\000s\000\040\000d\000e\000l\000\040\000p\000r\000o\000f\000e\000s\000o\000r}{section.8.3}% 117
\BOOKMARK [2][-]{subsection.8.3.3}{\376\377\000B\000o\000t\000\363\000n\000\040\000d\000e\000\040\000a\000c\000c\000e\000s\000o\000\040\000a\000\040\000l\000i\000s\000t\000a\000\040\000d\000e\000\040\000l\000o\000g\000r\000o\000s\000\040\000d\000e\000l\000\040\000p\000r\000o\000f\000e\000s\000o\000r}{section.8.3}% 118
\BOOKMARK [2][-]{subsection.8.3.4}{\376\377\000B\000o\000t\000\363\000n\000\040\000d\000e\000\040\000a\000c\000c\000e\000s\000o\000\040\000a\000\040\000l\000i\000s\000t\000a\000\040\000d\000e\000\040\000p\000r\000e\000g\000u\000n\000t\000a\000s\000\040\000d\000e\000l\000\040\000p\000r\000o\000f\000e\000s\000o\000r}{section.8.3}% 119
\BOOKMARK [2][-]{subsection.8.3.5}{\376\377\000B\000o\000t\000\363\000n\000\040\000d\000e\000\040\000a\000c\000c\000e\000s\000o\000\040\000a\000\040\000l\000i\000s\000t\000a\000\040\000d\000e\000\040\000u\000s\000u\000a\000r\000i\000o\000s\000\040}{section.8.3}% 120
\BOOKMARK [2][-]{subsection.8.3.6}{\376\377\000B\000o\000t\000\363\000n\000\040\000d\000e\000\040\000a\000c\000c\000e\000s\000o\000\040\000a\000l\000\040\000p\000e\000r\000f\000i\000l\000\040\000d\000e\000l\000\040\000u\000s\000u\000a\000r\000i\000o}{section.8.3}% 121
\BOOKMARK [2][-]{subsection.8.3.7}{\376\377\000B\000o\000t\000\363\000n\000\040\000d\000e\000\040\000a\000c\000c\000e\000s\000o\000\040\000a\000\040\000u\000n\000a\000\040\000l\000e\000c\000c\000i\000\363\000n}{section.8.3}% 122
\BOOKMARK [2][-]{subsection