This is pdfTeX, Version 3.141592653-2.6-1.40.24 (MiKTeX 22.10) (preloaded format=pdflatex 2022.12.23)  12 JAN 2023 02:25
entering extended mode
 restricted \write18 enabled.
 file:line:error style messages enabled.
 %&-line parsing enabled.
**c:/Users/sergi/Documents/GitHub/TFG/Memoria/proyecto.tex
(c:/Users/sergi/Documents/GitHub/TFG/Memoria/proyecto.tex
LaTeX2e <2022-06-01> patch level 5
L3 programming layer <2022-09-28> (C:\Users\sergi\AppData\Local\Programs\MiKTeX\tex/latex/base\book.cls
Document Class: book 2021/10/04 v1.4n Standard LaTeX document class
(C:\Users\sergi\AppData\Local\Programs\MiKTeX\tex/latex/base\bk11.clo
File: bk11.clo 2021/10/04 v1.4n Standard LaTeX file (size option)
)
\c@part=\count185
\c@chapter=\count186
\c@section=\count187
\c@subsection=\count188
\c@subsubsection=\count189
\c@paragraph=\count190
\c@subparagraph=\count191
\c@figure=\count192
\c@table=\count193
\abovecaptionskip=\skip47
\belowcaptionskip=\skip48
\bibindent=\dimen138
) (C:\Users\sergi\AppData\Local\Programs\MiKTeX\tex/latex/listings\listings.sty (C:\Users\sergi\AppData\Local\Programs\MiKTeX\tex/latex/graphics\keyval.sty
Package: keyval 2022/05/29 v1.15 key=value parser (DPC)
\KV@toks@=\toks16
)
\lst@mode=\count194
\lst@gtempboxa=\box51
\lst@token=\toks17
\lst@length=\count195
\lst@currlwidth=\dimen139
\lst@column=\count196
\lst@pos=\count197
\lst@lostspace=\dimen140
\lst@width=\dimen141
\lst@newlines=\count198
\lst@lineno=\count199
\lst@maxwidth=\dimen142
 (C:\Users\sergi\AppData\Local\Programs\MiKTeX\tex/latex/listings\lstmisc.sty
File: lstmisc.sty 2020/03/24 1.8d (Carsten Heinz)
\c@lstnumber=\count266
\lst@skipnumbers=\count267
\lst@framebox=\box52
) (C:\Users\sergi\AppData\Local\Programs\MiKTeX\tex/latex/listings\listings.cfg
File: listings.cfg 2020/03/24 1.8d listings configuration
))
Package: listings 2020/03/24 1.8d (Carsten Heinz)
 (C:\Users\sergi\AppData\Local\Programs\MiKTeX\tex/latex/base\inputenc.sty
Package: inputenc 2021/02/14 v1.3d Input encoding file
\inpenc@prehook=\toks18
\inpenc@posthook=\toks19
) (C:\Users\sergi\AppData\Local\Programs\MiKTeX\tex/generic/babel\babel.sty
Package: babel 2022/10/04 3.81 The Babel package
\babel@savecnt=\count268
\U@D=\dimen143
\l@unhyphenated=\language79
 (C:\Users\sergi\AppData\Local\Programs\MiKTeX\tex/generic/babel\txtbabel.def)
\bbl@readstream=\read2
\bbl@dirlevel=\count269

*************************************
* Local config file bblopts.cfg used
*
(C:\Users\sergi\AppData\Local\Programs\MiKTeX\tex/latex/arabi\bblopts.cfg
File: bblopts.cfg 2005/09/08 v0.1 add Arabic and Farsi to "declared" options of babel
) (C:\Users\sergi\AppData\Local\Programs\MiKTeX\tex/latex/babel-spanish\spanish.ldf
Language: spanish.ldf 2021/05/27 v5.0q Spanish support from the babel system
\es@quottoks=\toks20
\es@quotdepth=\count270
Package babel Info: Making " an active character on input line 570.
Package babel Info: Making . an active character on input line 675.
Package babel Info: Making < an active character on input line 722.
Package babel Info: Making > an active character on input line 722.
)) (C:\Users\sergi\AppData\Local\Programs\MiKTeX\tex/generic/babel/locale/es\babel-spanish.tex
Package babel Info: Importing font and identification data for spanish
(babel)             from babel-es.ini. Reported on input line 11.
) (C:\Users\sergi\AppData\Local\Programs\MiKTeX\tex/latex/float\float.sty
Package: float 2001/11/08 v1.3d Float enhancements (AL)
\c@float@type=\count271
\float@exts=\toks21
\float@box=\box53
\@float@everytoks=\toks22
\@floatcapt=\box54
) (C:\Users\sergi\AppData\Local\Programs\MiKTeX\tex/latex/subfig\subfig.sty
Package: subfig 2005/06/28 ver: 1.3 subfig package
 (C:\Users\sergi\AppData\Local\Programs\MiKTeX\tex/latex/caption\caption.sty
Package: caption 2022/03/01 v3.6b Customizing captions (AR)
 (C:\Users\sergi\AppData\Local\Programs\MiKTeX\tex/latex/caption\caption3.sty
Package: caption3 2022/03/17 v2.3b caption3 kernel (AR)
\caption@tempdima=\dimen144
\captionmargin=\dimen145
\caption@leftmargin=\dimen146
\caption@rightmargin=\dimen147
\caption@width=\dimen148
\caption@indent=\dimen149
\caption@parindent=\dimen150
\caption@hangindent=\dimen151
Package caption Info: Standard document class detected.
)
\c@caption@flags=\count272
\c@continuedfloat=\count273
Package caption Info: float package is loaded.
Package caption Info: listings package is loaded.
)
\c@KVtest=\count274
\sf@farskip=\skip49
\sf@captopadj=\dimen152
\sf@capskip=\skip50
\sf@nearskip=\skip51
\c@subfigure=\count275
\c@subfigure@save=\count276
\c@lofdepth=\count277
\c@subtable=\count278
\c@subtable@save=\count279
\c@lotdepth=\count280
\sf@top=\skip52
\sf@bottom=\skip53
) (C:\Users\sergi\AppData\Local\Programs\MiKTeX\tex/latex/tools\dcolumn.sty
Package: dcolumn 2014/10/28 v1.06 decimal alignment package (DPC)
 (C:\Users\sergi\AppData\Local\Programs\MiKTeX\tex/latex/tools\array.sty
Package: array 2022/03/10 v2.5f Tabular extension package (FMi)
\col@sep=\dimen153
\ar@mcellbox=\box55
\extrarowheight=\dimen154
\NC@list=\toks23
\extratabsurround=\skip54
\backup@length=\skip55
\ar@cellbox=\box56
)) (C:\Users\sergi\AppData\Local\Programs\MiKTeX\tex/latex/tools\verbatim.sty
Package: verbatim 2020-07-07 v1.5u LaTeX2e package for verbatim enhancements
\every@verbatim=\toks24
\verbatim@line=\toks25
\verbatim@in@stream=\read3
) (C:\Users\sergi\AppData\Local\Programs\MiKTeX\tex/latex/fancyhdr\fancyhdr.sty
Package: fancyhdr 2022/11/09 v4.1 Extensive control of page headers and footers
\f@nch@headwidth=\skip56
\f@nch@O@elh=\skip57
\f@nch@O@erh=\skip58
\f@nch@O@olh=\skip59
\f@nch@O@orh=\skip60
\f@nch@O@elf=\skip61
\f@nch@O@erf=\skip62
\f@nch@O@olf=\skip63
\f@nch@O@orf=\skip64
) (C:\Users\sergi\AppData\Local\Programs\MiKTeX\tex/latex/graphics\graphicx.sty
Package: graphicx 2021/09/16 v1.2d Enhanced LaTeX Graphics (DPC,SPQR)
 (C:\Users\sergi\AppData\Local\Programs\MiKTeX\tex/latex/graphics\graphics.sty
Package: graphics 2022/03/10 v1.4e Standard LaTeX Graphics (DPC,SPQR)
 (C:\Users\sergi\AppData\Local\Programs\MiKTeX\tex/latex/graphics\trig.sty
Package: trig 2021/08/11 v1.11 sin cos tan (DPC)
) (C:\Users\sergi\AppData\Local\Programs\MiKTeX\tex/latex/graphics-cfg\graphics.cfg
File: graphics.cfg 2016/06/04 v1.11 sample graphics configuration
)
Package graphics Info: Driver file: pdftex.def on input line 107.
 (C:\Users\sergi\AppData\Local\Programs\MiKTeX\tex/latex/graphics-def\pdftex.def
File: pdftex.def 2022/09/22 v1.2b Graphics/color driver for pdftex
\stockwidth=\dimen155
\stockheight=\dimen156
))
\Gin@req@height=\dimen157
\Gin@req@width=\dimen158
) (C:\Users\sergi\AppData\Local\Programs\MiKTeX\tex/latex/tools\afterpage.sty
Package: afterpage 2014/10/28 v1.08 After-Page Package (DPC)
\AP@output=\toks26
\AP@partial=\box57
\AP@footins=\box58
) (C:\Users\sergi\AppData\Local\Programs\MiKTeX\tex/latex/tools\longtable.sty
Package: longtable 2021-09-01 v4.17 Multi-page Table package (DPC)
\LTleft=\skip65
\LTright=\skip66
\LTpre=\skip67
\LTpost=\skip68
\LTchunksize=\count281
\LTcapwidth=\dimen159
\LT@head=\box59
\LT@firsthead=\box60
\LT@foot=\box61
\LT@lastfoot=\box62
\LT@gbox=\box63
\LT@cols=\count282
\LT@rows=\count283
\c@LT@tables=\count284
\c@LT@chunks=\count285
\LT@p@ftn=\toks27
) (C:\Users\sergi\AppData\Local\Programs\MiKTeX\tex/latex/hyperref\hyperref.sty
Package: hyperref 2022-09-22 v7.00t Hypertext links for LaTeX
 (C:\Users\sergi\AppData\Local\Programs\MiKTeX\tex/generic/ltxcmds\ltxcmds.sty
Package: ltxcmds 2020-05-10 v1.25 LaTeX kernel commands for general use (HO)
) (C:\Users\sergi\AppData\Local\Programs\MiKTeX\tex/generic/iftex\iftex.sty
Package: iftex 2022/02/03 v1.0f TeX engine tests
) (C:\Users\sergi\AppData\Local\Programs\MiKTeX\tex/generic/pdftexcmds\pdftexcmds.sty
Package: pdftexcmds 2020-06-27 v0.33 Utility functions of pdfTeX for LuaTeX (HO)
 (C:\Users\sergi\AppData\Local\Programs\MiKTeX\tex/generic/infwarerr\infwarerr.sty
Package: infwarerr 2019/12/03 v1.5 Providing info/warning/error messages (HO)
)
Package pdftexcmds Info: \pdf@primitive is available.
Package pdftexcmds Info: \pdf@ifprimitive is available.
Package pdftexcmds Info: \pdfdraftmode found.
) (C:\Users\sergi\AppData\Local\Programs\MiKTeX\tex/latex/kvsetkeys\kvsetkeys.sty
Package: kvsetkeys 2022-10-05 v1.19 Key value parser (HO)
) (C:\Users\sergi\AppData\Local\Programs\MiKTeX\tex/generic/kvdefinekeys\kvdefinekeys.sty
Package: kvdefinekeys 2019-12-19 v1.6 Define keys (HO)
) (C:\Users\sergi\AppData\Local\Programs\MiKTeX\tex/generic/pdfescape\pdfescape.sty
Package: pdfescape 2019/12/09 v1.15 Implements pdfTeX's escape features (HO)
) (C:\Users\sergi\AppData\Local\Programs\MiKTeX\tex/latex/hycolor\hycolor.sty
Package: hycolor 2020-01-27 v1.10 Color options for hyperref/bookmark (HO)
) (C:\Users\sergi\AppData\Local\Programs\MiKTeX\tex/latex/letltxmacro\letltxmacro.sty
Package: letltxmacro 2019/12/03 v1.6 Let assignment for LaTeX macros (HO)
) (C:\Users\sergi\AppData\Local\Programs\MiKTeX\tex/latex/auxhook\auxhook.sty
Package: auxhook 2019-12-17 v1.6 Hooks for auxiliary files (HO)
) (C:\Users\sergi\AppData\Local\Programs\MiKTeX\tex/latex/hyperref\nameref.sty
Package: nameref 2022-05-17 v2.50 Cross-referencing by name of section
 (C:\Users\sergi\AppData\Local\Programs\MiKTeX\tex/latex/refcount\refcount.sty
Package: refcount 2019/12/15 v3.6 Data extraction from label references (HO)
) (C:\Users\sergi\AppData\Local\Programs\MiKTeX\tex/generic/gettitlestring\gettitlestring.sty
Package: gettitlestring 2019/12/15 v1.6 Cleanup title references (HO)
 (C:\Users\sergi\AppData\Local\Programs\MiKTeX\tex/latex/kvoptions\kvoptions.sty
Package: kvoptions 2022-06-15 v3.15 Key value format for package options (HO)
))
\c@section@level=\count286
)
\@linkdim=\dimen160
\Hy@linkcounter=\count287
\Hy@pagecounter=\count288
 (C:\Users\sergi\AppData\Local\Programs\MiKTeX\tex/latex/hyperref\pd1enc.def
File: pd1enc.def 2022-09-22 v7.00t Hyperref: PDFDocEncoding definition (HO)
Now handling font encoding PD1 ...
... no UTF-8 mapping file for font encoding PD1
) (C:\Users\sergi\AppData\Local\Programs\MiKTeX\tex/generic/intcalc\intcalc.sty
Package: intcalc 2019/12/15 v1.3 Expandable calculations with integers (HO)
) (C:\Users\sergi\AppData\Local\Programs\MiKTeX\tex/generic/etexcmds\etexcmds.sty
Package: etexcmds 2019/12/15 v1.7 Avoid name clashes with e-TeX commands (HO)
)
\Hy@SavedSpaceFactor=\count289
 (C:\Users\sergi\AppData\Local\Programs\MiKTeX\tex/latex/hyperref\puenc.def
File: puenc.def 2022-09-22 v7.00t Hyperref: PDF Unicode definition (HO)
Now handling font encoding PU ...
... no UTF-8 mapping file for font encoding PU
)
Package hyperref Info: Hyper figures OFF on input line 4162.
Package hyperref Info: Link nesting OFF on input line 4167.
Package hyperref Info: Hyper index ON on input line 4170.
Package hyperref Info: Plain pages OFF on input line 4177.
Package hyperref Info: Backreferencing OFF on input line 4182.
Package hyperref Info: Implicit mode ON; LaTeX internals redefined.
Package hyperref Info: Bookmarks ON on input line 4410.
\c@Hy@tempcnt=\count290
 (C:\Users\sergi\AppData\Local\Programs\MiKTeX\tex/latex/url\url.sty
\Urlmuskip=\muskip16
Package: url 2013/09/16  ver 3.4  Verb mode for urls, etc.
)
LaTeX Info: Redefining \url on input line 4748.
\XeTeXLinkMargin=\dimen161
 (C:\Users\sergi\AppData\Local\Programs\MiKTeX\tex/generic/bitset\bitset.sty
Package: bitset 2019/12/09 v1.3 Handle bit-vector datatype (HO)
 (C:\Users\sergi\AppData\Local\Programs\MiKTeX\tex/generic/bigintcalc\bigintcalc.sty
Package: bigintcalc 2019/12/15 v1.5 Expandable calculations on big integers (HO)
))
\Fld@menulength=\count291
\Field@Width=\dimen162
\Fld@charsize=\dimen163
Package hyperref Info: Hyper figures OFF on input line 6027.
Package hyperref Info: Link nesting OFF on input line 6032.
Package hyperref Info: Hyper index ON on input line 6035.
Package hyperref Info: backreferencing OFF on input line 6042.
Package hyperref Info: Link coloring OFF on input line 6047.
Package hyperref Info: Link coloring with OCG OFF on input line 6052.
Package hyperref Info: PDF/A mode OFF on input line 6057.
 (C:\Users\sergi\AppData\Local\Programs\MiKTeX\tex/latex/base\atbegshi-ltx.sty
Package: atbegshi-ltx 2021/01/10 v1.0c Emulation of the original atbegshi
package with kernel methods
)
\Hy@abspage=\count292
\c@Item=\count293
\c@Hfootnote=\count294
)
Package hyperref Info: Driver (autodetected): hpdftex.
 (C:\Users\sergi\AppData\Local\Programs\MiKTeX\tex/latex/hyperref\hpdftex.def
File: hpdftex.def 2022-09-22 v7.00t Hyperref driver for pdfTeX
 (C:\Users\sergi\AppData\Local\Programs\MiKTeX\tex/latex/base\atveryend-ltx.sty
Package: atveryend-ltx 2020/08/19 v1.0a Emulation of the original atveryend package
with kernel methods
)
\Fld@listcount=\count295
\c@bookmark@seq@number=\count296
 (C:\Users\sergi\AppData\Local\Programs\MiKTeX\tex/latex/rerunfilecheck\rerunfilecheck.sty
Package: rerunfilecheck 2022-07-10 v1.10 Rerun checks for auxiliary files (HO)
 (C:\Users\sergi\AppData\Local\Programs\MiKTeX\tex/generic/uniquecounter\uniquecounter.sty
Package: uniquecounter 2019/12/15 v1.4 Provide unlimited unique counter (HO)
)
Package uniquecounter Info: New unique counter `rerunfilecheck' on input line 285.
)
\Hy@SectionHShift=\skip69
) (C:\Users\sergi\AppData\Local\Programs\MiKTeX\tex/latex/colortbl\colortbl.sty
Package: colortbl 2022/06/20 v1.0f Color table columns (DPC)
 (C:\Users\sergi\AppData\Local\Programs\MiKTeX\tex/latex/graphics\color.sty
Package: color 2022/01/06 v1.3d Standard LaTeX Color (DPC)
 (C:\Users\sergi\AppData\Local\Programs\MiKTeX\tex/latex/graphics-cfg\color.cfg
File: color.cfg 2016/01/02 v1.6 sample color configuration
)
Package color Info: Driver file: pdftex.def on input line 149.
 (C:\Users\sergi\AppData\Local\Programs\MiKTeX\tex/latex/graphics\mathcolor.ltx))
\everycr=\toks28
\minrowclearance=\skip70
\rownum=\count297
) (C:\Users\sergi\AppData\Local\Programs\MiKTeX\tex/latex/footmisc\footmisc.sty
Package: footmisc 2022/03/08 v6.0d a miscellany of footnote facilities
\FN@temptoken=\toks29
\footnotemargin=\dimen164
\@outputbox@depth=\dimen165
Package footmisc Info: Declaring symbol style bringhurst on input line 695.
Package footmisc Info: Declaring symbol style chicago on input line 703.
Package footmisc Info: Declaring symbol style wiley on input line 712.
Package footmisc Info: Declaring symbol style lamport-robust on input line 723.
Package footmisc Info: Declaring symbol style lamport* on input line 743.
Package footmisc Info: Declaring symbol style lamport*-robust on input line 764.
) (C:\Users\sergi\AppData\Local\Programs\MiKTeX\tex/latex/wrapfig\wrapfig.sty
\wrapoverhang=\dimen166
\WF@size=\dimen167
\c@WF@wrappedlines=\count298
\WF@box=\box64
\WF@everypar=\toks30
Package: wrapfig 2003/01/31  v 3.6
)
\c@teorema=\count299
\c@ejemplo=\count300
\c@definicion=\count301
 (C:\Users\sergi\AppData\Local\Programs\MiKTeX\tex/latex/pdfpages\pdfpages.sty
Package: pdfpages 2022/12/19 v0.5x Insert pages of external PDF documents (AM)
 (C:\Users\sergi\AppData\Local\Programs\MiKTeX\tex/latex/base\ifthen.sty
Package: ifthen 2022/04/13 v1.1d Standard LaTeX ifthen package (DPC)
) (C:\Users\sergi\AppData\Local\Programs\MiKTeX\tex/latex/tools\calc.sty
Package: calc 2017/05/25 v4.3 Infix arithmetic (KKT,FJ)
\calc@Acount=\count302
\calc@Bcount=\count303
\calc@Adimen=\dimen168
\calc@Bdimen=\dimen169
\calc@Askip=\skip71
\calc@Bskip=\skip72
LaTeX Info: Redefining \setlength on input line 80.
LaTeX Info: Redefining \addtolength on input line 81.
\calc@Ccount=\count304
\calc@Cskip=\skip73
) (C:\Users\sergi\AppData\Local\Programs\MiKTeX\tex/latex/eso-pic\eso-pic.sty
Package: eso-pic 2020/10/14 v3.0a eso-pic (RN)
\ESO@tempdima=\dimen170
\ESO@tempdimb=\dimen171
)
\AM@pagewidth=\dimen172
\AM@pageheight=\dimen173
\AM@fboxrule=\dimen174
 (C:\Users\sergi\AppData\Local\Programs\MiKTeX\tex/latex/pdfpages\pppdftex.def
File: pppdftex.def 2022/12/19 v0.5x Pdfpages driver for pdfTeX (AM)
)
\pdfpages@includegraphics@status=\count305
\AM@pagebox=\box65
\AM@global@opts=\toks31
\AM@pagecnt=\count306
\AM@toc@title=\toks32
\AM@lof@heading=\toks33
\c@AM@survey=\count307
\AM@templatesizebox=\box66
) (C:\Users\sergi\AppData\Local\Programs\MiKTeX\tex/latex/l3backend\l3backend-pdftex.def
File: l3backend-pdftex.def 2022-09-28 L3 backend support: PDF output (pdfTeX)
\l__color_backend_stack_int=\count308
\l__pdf_internal_box=\box67
) (proyecto.aux
LaTeX Info: Redefining \. on input line 22.
LaTeX Info: Redefining \% on input line 22.
)
\openout1 = `proyecto.aux'.

LaTeX Font Info:    Checking defaults for OML/cmm/m/it on input line 177.
LaTeX Font Info:    ... okay on input line 177.
LaTeX Font Info:    Checking defaults for OMS/cmsy/m/n on input line 177.
LaTeX Font Info:    ... okay on input line 177.
LaTeX Font Info:    Checking defaults for OT1/cmr/m/n on input line 177.
LaTeX Font Info:    ... okay on input line 177.
LaTeX Font Info:    Checking defaults for T1/cmr/m/n on input line 177.
LaTeX Font Info:    ... okay on input line 177.
LaTeX Font Info:    Checking defaults for TS1/cmr/m/n on input line 177.
LaTeX Font Info:    ... okay on input line 177.
LaTeX Font Info:    Checking defaults for OMX/cmex/m/n on input line 177.
LaTeX Font Info:    ... okay on input line 177.
LaTeX Font Info:    Checking defaults for U/cmr/m/n on input line 177.
LaTeX Font Info:    ... okay on input line 177.
LaTeX Font Info:    Checking defaults for PD1/pdf/m/n on input line 177.
LaTeX Font Info:    ... okay on input line 177.
LaTeX Font Info:    Checking defaults for PU/pdf/m/n on input line 177.
LaTeX Font Info:    ... okay on input line 177.
\c@lstlisting=\count309
LaTeX Info: Redefining \. on input line 177.
LaTeX Info: Redefining \% on input line 177.
Package caption Info: Begin \AtBeginDocument code.
Package caption Info: subfig package v1.3 is loaded.
Package caption Info: hyperref package is loaded.
Package caption Info: longtable package is loaded.
 (C:\Users\sergi\AppData\Local\Programs\MiKTeX\tex/latex/caption\ltcaption.sty
Package: ltcaption 2021/01/08 v1.4c longtable captions (AR)
)
Package caption Info: wrapfig package is loaded.
Package caption Info: End \AtBeginDocument code.
 (C:\Users\sergi\AppData\Local\Programs\MiKTeX\tex/context/base/mkii\supp-pdf.mkii
[Loading MPS to PDF converter (version 2006.09.02).]
\scratchcounter=\count310
\scratchdimen=\dimen175
\scratchbox=\box68
\nofMPsegments=\count311
\nofMParguments=\count312
\everyMPshowfont=\toks34
\MPscratchCnt=\count313
\MPscratchDim=\dimen176
\MPnumerator=\count314
\makeMPintoPDFobject=\count315
\everyMPtoPDFconversion=\toks35
) (C:\Users\sergi\AppData\Local\Programs\MiKTeX\tex/latex/epstopdf-pkg\epstopdf-base.sty
Package: epstopdf-base 2020-01-24 v2.11 Base part for package epstopdf
Package epstopdf-base Info: Redefining graphics rule for `.eps' on input line 485.
 (C:\Users\sergi\AppData\Local\Programs\MiKTeX\tex/latex/00miktex\epstopdf-sys.cfg
File: epstopdf-sys.cfg 2021/03/18 v2.0 Configuration of epstopdf for MiKTeX
))
Package hyperref Info: Link coloring OFF on input line 177.
 (proyecto.out) (proyecto.out)
\@outlinefile=\write3
\openout3 = `proyecto.out'.

 (C:\Users\sergi\AppData\Local\Programs\MiKTeX\tex/latex/pdflscape\pdflscape.sty
Package: pdflscape 2022-10-27 v0.13 Display of landscape pages in PDF
 (C:\Users\sergi\AppData\Local\Programs\MiKTeX\tex/latex/pdflscape\pdflscape-nometadata.sty
Package: pdflscape-nometadata 2022-10-28 v0.13 Display of landscape pages in PDF (HO)
 (C:\Users\sergi\AppData\Local\Programs\MiKTeX\tex/latex/graphics\lscape.sty
Package: lscape 2020/05/28 v3.02 Landscape Pages (DPC)
)
Package pdflscape Info: Auto-detected driver: pdftex on input line 81.
)) (portada/portada.tex
\centeroffset=\skip74
<imagenes/logo_ugr.jpg, id=175, 777.90625pt x 231.86626pt>
File: imagenes/logo_ugr.jpg Graphic file (type jpg)
<use imagenes/logo_ugr.jpg>
Package pdftex.def Info: imagenes/logo_ugr.jpg  used on input line 12.
(pdftex.def)             Requested size: 323.9978pt x 96.57295pt.
LaTeX Font Info:    External font `cmex10' loaded for size
(Font)              <10.95> on input line 23.
LaTeX Font Info:    External font `cmex10' loaded for size
(Font)              <8> on input line 23.
LaTeX Font Info:    External font `cmex10' loaded for size
(Font)              <6> on input line 23.

Overfull \hbox (24.0pt too wide) in paragraph at lines 9--24
| $[]$ 
 []

<imagenes/etsiit_logo.png, id=176, 110.814pt x 40.4712pt>
File: imagenes/etsiit_logo.png Graphic file (type png)
<use imagenes/etsiit_logo.png>
Package pdftex.def Info: imagenes/etsiit_logo.png  used on input line 33.
(pdftex.def)             Requested size: 108.0011pt x 39.44412pt.

Overfull \hbox (24.0pt too wide) in paragraph at lines 26--40
| $[]$ 
 []

[1


{C:/Users/sergi/AppData/Local/MiKTeX/fonts/map/pdftex/pdftex.map} <./imagenes/logo_ugr.jpg> <./imagenes/etsiit_logo.png>]) (prefacios/prefacio.tex [2

] (portada/portada_2.tex [3] [4

]
File: imagenes/etsiit_logo.png Graphic file (type png)
<use imagenes/etsiit_logo.png>
Package pdftex.def Info: imagenes/etsiit_logo.png  used on input line 19.
(pdftex.def)             Requested size: 110.8137pt x 40.4711pt.

Overfull \hbox (24.0pt too wide) in paragraph at lines 7--29
| $[]$ 
 []


Overfull \hbox (24.0pt too wide) in paragraph at lines 31--45
| $[]$
 []


pdfTeX warning (ext4): destination with the same identifier (name{page.1}) has been already used, duplicate ignored
<to be read again> 
                   \relax 
l.47 \end{titlepage}
                     [1])
pdfTeX warning (ext4): destination with the same identifier (name{page.2}) has been already used, duplicate ignored
<to be read again> 
                   \relax 
l.11 \cleardoublepage
                      [2

]
Underfull \hbox (badness 10000) in paragraph at lines 22--23

 []


Underfull \hbox (badness 10000) in paragraph at lines 25--26

 []


pdfTeX warning (ext4): destination with the same identifier (name{page.3}) has been already used, duplicate ignored
<to be read again> 
                   \relax 
l.28 \cleardoublepage
                      [3]
pdfTeX warning (ext4): destination with the same identifier (name{page.4}) has been already used, duplicate ignored
<to be read again> 
                   \relax 
l.28 \cleardoublepage
                      [4

]
Underfull \hbox (badness 10000) in paragraph at lines 42--43

 []


Underfull \hbox (badness 10000) in paragraph at lines 45--46

 []

[5] [6

]
Underfull \hbox (badness 10000) in paragraph at lines 52--53

 []

[7] [8

]
Underfull \hbox (badness 10000) in paragraph at lines 73--74

 []

[9] [10

]) [11] [12

] (proyecto.toc
LaTeX Info: Redefining \. on input line 1.
LaTeX Info: Redefining \% on input line 1.
 [1

])
\tf@toc=\write4
\openout4 = `proyecto.toc'.



LaTeX Font Warning: Font shape `OT1/cmr/bx/sc' undefined
(Font)              using `OT1/cmr/bx/n' instead on input line 190.


Package spanish Warning: Replacing `OT1/cmr/bx/sc' by 
(spanish)                faked small caps on input line 190.

LaTeX Info: Redefining \. on input line 190.
LaTeX Info: Redefining \% on input line 190.
[2] (proyecto.lof
LaTeX Info: Redefining \. on input line 1.
LaTeX Info: Redefining \% on input line 1.
)
\tf@lof=\write5
\openout5 = `proyecto.lof'.

 [3

] [4

] (capitulos/01_Introduccion.tex
Cap\'{\i }tulo 1.

pdfTeX warning (ext4): destination with the same identifier (name{page.1}) has been already used, duplicate ignored
<to be read again> 
                   \relax 
l.19 \newpage
              [1

]
LaTeX Info: Redefining \. on input line 46.
LaTeX Info: Redefining \% on input line 46.

pdfTeX warning (ext4): destination with the same identifier (name{page.2}) has been already used, duplicate ignored
<to be read again> 
                   \relax 
l.46 \newpage
              [2]) (capitulos/02_EstadoDelArte.tex
LaTeX Info: Redefining \. on input line 1.
LaTeX Info: Redefining \% on input line 1.

pdfTeX warning (ext4): destination with the same identifier (name{page.3}) has been already used, duplicate ignored
<to be read again> 
                   \relax 
l.1 \chapter
            {Estado del Arte} [3]
pdfTeX warning (ext4): destination with the same identifier (name{page.4}) has been already used, duplicate ignored
<to be read again> 
                   \relax 
l.1 \chapter
            {Estado del Arte} [4

]
Cap\'{\i }tulo 2.
<imagenes/c2/duolingo.png, id=355, 513.92pt x 513.92pt>
File: imagenes/c2/duolingo.png Graphic file (type png)
<use imagenes/c2/duolingo.png>
Package pdftex.def Info: imagenes/c2/duolingo.png  used on input line 16.
(pdftex.def)             Requested size: 71.9989pt x 71.99535pt.

pdfTeX warning (ext4): destination with the same identifier (name{page.5}) has been already used, duplicate ignored
<to be read again> 
                   \relax 
l.25 \newpage
              [5 <./imagenes/c2/duolingo.png>]
<imagenes/c2/duolingo.jpeg, id=364, 221.8689pt x 446.6286pt>
File: imagenes/c2/duolingo.jpeg Graphic file (type jpg)
<use imagenes/c2/duolingo.jpeg>
Package pdftex.def Info: imagenes/c2/duolingo.jpeg  used on input line 43.
(pdftex.def)             Requested size: 118.80066pt x 239.14497pt.
LaTeX Info: Redefining \. on input line 53.
LaTeX Info: Redefining \% on input line 53.

pdfTeX warning (ext4): destination with the same identifier (name{page.6}) has been already used, duplicate ignored
<to be read again> 
                   \relax 
l.53 
      [6 <./imagenes/c2/duolingo.jpeg>]
<imagenes/c2/artly.jpeg, id=369, 221.8689pt x 448.7967pt>
File: imagenes/c2/artly.jpeg Graphic file (type jpg)
<use imagenes/c2/artly.jpeg>
Package pdftex.def Info: imagenes/c2/artly.jpeg  used on input line 64.
(pdftex.def)             Requested size: 143.9978pt x 291.28981pt.

Underfull \vbox (badness 10000) has occurred while \output is active []

LaTeX Info: Redefining \. on input line 76.
LaTeX Info: Redefining \% on input line 76.

pdfTeX warning (ext4): destination with the same identifier (name{page.7}) has been already used, duplicate ignored
<to be read again> 
                   \relax 
l.76 
      [7 <./imagenes/c2/artly.jpeg>]
<imagenes/c2/bmath.jpeg, id=376, 370.5042pt x 173.448pt>
File: imagenes/c2/bmath.jpeg Graphic file (type jpg)
<use imagenes/c2/bmath.jpeg>
Package pdftex.def Info: imagenes/c2/bmath.jpeg  used on input line 91.
(pdftex.def)             Requested size: 360.0pt x 168.53018pt.
<imagenes/c2/bmath2.jpeg, id=377, 370.5042pt x 173.448pt>
File: imagenes/c2/bmath2.jpeg Graphic file (type jpg)
<use imagenes/c2/bmath2.jpeg>
Package pdftex.def Info: imagenes/c2/bmath2.jpeg  used on input line 99.
(pdftex.def)             Requested size: 360.0pt x 168.53018pt.

Underfull \vbox (badness 10000) has occurred while \output is active []

LaTeX Info: Redefining \. on input line 104.
LaTeX Info: Redefining \% on input line 104.

pdfTeX warning (ext4): destination with the same identifier (name{page.8}) has been already used, duplicate ignored
<to be read again> 
                   \relax 
l.104 
       [8 <./imagenes/c2/bmath.jpeg>]
LaTeX Info: Redefining \. on input line 106.
LaTeX Info: Redefining \% on input line 106.

pdfTeX warning (ext4): destination with the same identifier (name{page.9}) has been already used, duplicate ignored
<to be read again> 
                   \relax 
l.106 \newpage
               [9 <./imagenes/c2/bmath2.jpeg>]
<imagenes/c2/cursomusica.jpeg, id=386, 221.8689pt x 450.2421pt>
File: imagenes/c2/cursomusica.jpeg Graphic file (type jpg)
<use imagenes/c2/cursomusica.jpeg>
Package pdftex.def Info: imagenes/c2/cursomusica.jpeg  used on input line 123.
(pdftex.def)             Requested size: 143.9978pt x 292.22794pt.
LaTeX Info: Redefining \. on input line 134.
LaTeX Info: Redefining \% on input line 134.

pdfTeX warning (ext4): destination with the same identifier (name{page.10}) has been already used, duplicate ignored
<to be read again> 
                   \relax 
l.134 
       [10 <./imagenes/c2/cursomusica.jpeg>]
<imagenes/c2/sonid.jpeg, id=393, 221.1462pt x 323.0469pt>
File: imagenes/c2/sonid.jpeg Graphic file (type jpg)
<use imagenes/c2/sonid.jpeg>
Package pdftex.def Info: imagenes/c2/sonid.jpeg  used on input line 153.
(pdftex.def)             Requested size: 126.0022pt x 184.0647pt.
<imagenes/c2/sonid1.jpeg, id=394, 218.9781pt x 317.988pt>
File: imagenes/c2/sonid1.jpeg Graphic file (type jpg)
<use imagenes/c2/sonid1.jpeg>
Package pdftex.def Info: imagenes/c2/sonid1.jpeg  used on input line 155.
(pdftex.def)             Requested size: 126.0022pt x 182.97267pt.
LaTeX Info: Redefining \. on input line 158.
LaTeX Info: Redefining \% on input line 158.

pdfTeX warning (ext4): destination with the same identifier (name{page.11}) has been already used, duplicate ignored
<to be read again> 
                   \relax 
l.158 \newpage
               [11 <./imagenes/c2/sonid.jpeg> <./imagenes/c2/sonid1.jpeg>]
<imagenes/c2/flutter.png, id=404, 801.99625pt x 228.855pt>
File: imagenes/c2/flutter.png Graphic file (type png)
<use imagenes/c2/flutter.png>
Package pdftex.def Info: imagenes/c2/flutter.png  used on input line 170.
(pdftex.def)             Requested size: 97.20154pt x 27.73378pt.
<imagenes/c2/reactnative.png, id=405, 185.69376pt x 49.18375pt>
File: imagenes/c2/reactnative.png Graphic file (type png)
<use imagenes/c2/reactnative.png>
Package pdftex.def Info: imagenes/c2/reactnative.png  used on input line 194.
(pdftex.def)             Requested size: 108.0011pt x 28.60612pt.
LaTeX Info: Redefining \. on input line 200.
LaTeX Info: Redefining \% on input line 200.

pdfTeX warning (ext4): destination with the same identifier (name{page.12}) has been already used, duplicate ignored
<to be read again> 
                   \relax 
l.200 
       [12 <./imagenes/c2/flutter.png> <./imagenes/c2/reactnative.png>]
<imagenes/c2/dart.png, id=411, 2007.5pt x 532.99126pt>
File: imagenes/c2/dart.png Graphic file (type png)
<use imagenes/c2/dart.png>
Package pdftex.def Info: imagenes/c2/dart.png  used on input line 219.
(pdftex.def)             Requested size: 97.20154pt x 25.80531pt.


Package wrapfig Warning: Stationary wrapfigure forced to float on input line 221.

LaTeX Info: Redefining \. on input line 239.
LaTeX Info: Redefining \% on input line 239.
[13 <./imagenes/c2/dart.png>]
LaTeX Info: Redefining \. on input line 271.
LaTeX Info: Redefining \% on input line 271.
 [14]
<imagenes/c2/mongodb.png, id=421, 291.0875pt x 104.39pt>
File: imagenes/c2/mongodb.png Graphic file (type png)
<use imagenes/c2/mongodb.png>
Package pdftex.def Info: imagenes/c2/mongodb.png  used on input line 297.
(pdftex.def)             Requested size: 143.9978pt x 51.64053pt.
LaTeX Info: Redefining \. on input line 304.
LaTeX Info: Redefining \% on input line 304.
 [15 <./imagenes/c2/mongodb.png>]
<imagenes/c2/MERN.png, id=427, 856.19875pt x 192.72pt>
File: imagenes/c2/MERN.png Graphic file (type png)
<use imagenes/c2/MERN.png>
Package pdftex.def Info: imagenes/c2/MERN.png  used on input line 316.
(pdftex.def)             Requested size: 251.9989pt x 56.71956pt.
<imagenes/c2/mariadb.png, id=428, 417.56pt x 118.4425pt>
File: imagenes/c2/mariadb.png Graphic file (type png)
<use imagenes/c2/mariadb.png>
Package pdftex.def Info: imagenes/c2/mariadb.png  used on input line 328.
(pdftex.def)             Requested size: 108.0011pt x 30.63347pt.
) (capitulos/03_Requisitos.tex
LaTeX Info: Redefining \. on input line 1.
LaTeX Info: Redefining \% on input line 1.
 [16 <./imagenes/c2/MERN.png> <./imagenes/c2/mariadb.png>]
LaTeX Info: Redefining \. on input line 1.
LaTeX Info: Redefining \% on input line 1.
 [17] [18

]
Cap\'{\i }tulo 3.
[19]
LaTeX Info: Redefining \. on input line 47.
LaTeX Info: Redefining \% on input line 47.
 [20]
LaTeX Info: Redefining \. on input line 73.
LaTeX Info: Redefining \% on input line 73.
 [21]
LaTeX Info: Redefining \. on input line 104.
LaTeX Info: Redefining \% on input line 104.
 [22]
LaTeX Info: Redefining \. on input line 131.
LaTeX Info: Redefining \% on input line 131.
 [23]
LaTeX Info: Redefining \. on input line 154.
LaTeX Info: Redefining \% on input line 154.
 [24]) (capitulos/04_Planificacion.tex
LaTeX Info: Redefining \. on input line 1.
LaTeX Info: Redefining \% on input line 1.
 [25] [26

]
Cap\'{\i }tulo 4.
) (capitulos/05_Analisis.tex [27] [28

]
Cap\'{\i }tulo 5.
) (capitulos/06_Diseño.tex [29] [30

]
Cap\'{\i }tulo 6.
) (capitulos/07_Implementacion.tex [31] [32

]
Cap\'{\i }tulo 7.
) (capitulos/08_Pruebas.tex [33] [34

]
Cap\'{\i }tulo 8.
) (capitulos/09_Conclusion.tex [35] [36

]
Cap\'{\i }tulo 9.
) [37] [38

] [39] (proyecto.aux
LaTeX Info: Redefining \. on input line 22.
LaTeX Info: Redefining \% on input line 22.
)

LaTeX Font Warning: Some font shapes were not available, defaults substituted.

Package rerunfilecheck Info: File `proyecto.out' has not changed.
(rerunfilecheck)             Checksum: 37F1B5A8AB01B54B8C995E51C5C31C84;6197.
 ) 
Here is how much of TeX's memory you used:
 14619 strings out of 475385
 244736 string characters out of 2776906
 593382 words of memory out of 3000000
 35620 multiletter control sequences out of 15000+600000
 476984 words of font info for 53 fonts, out of 8000000 for 9000
 1141 hyphenation exceptions out of 8191
 72i,13n,79p,384b,769s stack positions out of 10000i,1000n,20000p,200000b,80000s
 <C:\Users\sergi\AppData\Local\MiKTeX\fonts/pk/ljfour/jknappen/ec/dpi600\tcrm1095.pk><C:/Users/sergi/AppData/Local/Programs/MiKTeX/fonts/type1/public/amsfonts/cm/cmbx10.pfb><C:/Users/sergi/AppData/Local/Programs/MiKTeX/fonts/type1/public/amsfonts/cm/cmbx12.pfb><C:/Users/sergi/AppData/Local/Programs/MiKTeX/fonts/type1/public/amsfonts/cm/cmbx8.pfb><C:/Users/sergi/AppData/Local/Programs/MiKTeX/fonts/type1/public/amsfonts/cm/cmbxti10.pfb><C:/Users/sergi/AppData/Local/Programs/MiKTeX/fonts/type1/public/amsfonts/cm/cmcsc10.pfb><C:/Users/sergi/AppData/Local/Programs/MiKTeX/fonts/type1/public/amsfonts/cm/cmr10.pfb><C:/Users/sergi/AppData/Local/Programs/MiKTeX/fonts/type1/public/amsfonts/cm/cmr8.pfb><C:/Users/sergi/AppData/Local/Programs/MiKTeX/fonts/type1/public/amsfonts/cm/cmr9.pfb><C:/Users/sergi/AppData/Local/Programs/MiKTeX/fonts/type1/public/amsfonts/cm/cmsy10.pfb>
Output written on proyecto.pdf (59 pages, 3149030 bytes).
PDF statistics:
 606 PDF objects out of 1000 (max. 8388607)
 115 named destinations out of 1000 (max. 500000)
 425 words of extra memory for PDF output out of 10000 (max. 10000000)

